Grammar

    0 $accept: program $end

    1 program: expression

    2 expression: TOKEN_INT
    3           | TOKEN_LPAREN expression TOKEN_RPAREN
    4           | TOKEN_LPAREN expression_application TOKEN_RPAREN
    5           | TOKEN_FUN TOKEN_IDENTIFIER TOKEN_WITH id_list TOKEN_EQ expression TOKEN_IN expression
    6           | TOKEN_FUN TOKEN_IDENTIFIER TOKEN_WITH TOKEN_IDENTIFIER TOKEN_EQ expression TOKEN_IN expression
    7           | TOKEN_LAMBDA id_list TOKEN_DOT expression
    8           | TOKEN_LAMBDA TOKEN_IDENTIFIER TOKEN_DOT expression
    9           | TOKEN_STRING
   10           | TOKEN_IDENTIFIER
   11           | expression TOKEN_PLUS expression
   12           | expression TOKEN_AND expression
   13           | expression TOKEN_OR expression
   14           | expression TOKEN_MINUS expression
   15           | expression TOKEN_TIMES expression
   16           | expression TOKEN_DIVIDE expression
   17           | expression TOKEN_EQ expression
   18           | expression TOKEN_NEQ expression
   19           | expression TOKEN_GT expression
   20           | expression TOKEN_GEQ expression
   21           | expression TOKEN_LT expression
   22           | expression TOKEN_LEQ expression
   23           | TOKEN_READINT
   24           | TOKEN_READSTRING
   25           | TOKEN_PRINT expression
   26           | TOKEN_ISNIL expression
   27           | TOKEN_HD expression
   28           | TOKEN_TL expression
   29           | TOKEN_NIL
   30           | expression TOKEN_CONS expression
   31           | TOKEN_LET TOKEN_IDENTIFIER TOKEN_EQ expression TOKEN_IN expression
   32           | TOKEN_IF expression TOKEN_THEN expression TOKEN_ELSE expression
   33           | TOKEN_ERROR

   34 id_list: TOKEN_IDENTIFIER TOKEN_COMMA TOKEN_IDENTIFIER
   35        | TOKEN_IDENTIFIER TOKEN_COMMA id_list

   36 expression_application: expression expression
   37                       | expression_application expression


Terminals, with rules where they appear

$end (0) 0
error (256)
TOKEN_READSTRING (258) 24
TOKEN_READINT (259) 23
TOKEN_PRINT (260) 25
TOKEN_ISNIL (261) 26
TOKEN_HD (262) 27
TOKEN_TL (263) 28
TOKEN_CONS (264) 30
TOKEN_NIL (265) 29
TOKEN_DOT (266) 7 8
TOKEN_WITH (267) 5 6
TOKEN_LET (268) 31
TOKEN_PLUS (269) 11
TOKEN_MINUS (270) 14
TOKEN_IDENTIFIER (271) 5 6 8 10 31 34 35
TOKEN_TIMES (272) 15
TOKEN_DIVIDE (273) 16
TOKEN_INT (274) 2
TOKEN_LPAREN (275) 3 4
TOKEN_RPAREN (276) 3 4
TOKEN_AND (277) 12
TOKEN_OR (278) 13
TOKEN_EQ (279) 5 6 17 31
TOKEN_NEQ (280) 18
TOKEN_GT (281) 19
TOKEN_GEQ (282) 20
TOKEN_LT (283) 21
TOKEN_LEQ (284) 22
TOKEN_IF (285) 32
TOKEN_THEN (286) 32
TOKEN_ELSE (287) 32
TOKEN_LAMBDA (288) 7 8
TOKEN_FUN (289) 5 6
TOKEN_COMMA (290) 34 35
TOKEN_STRING (291) 9
TOKEN_ERROR (292) 33
TOKEN_IN (293) 5 6 31
EXPR (294)


Nonterminals, with rules where they appear

$accept (40)
    on left: 0
program (41)
    on left: 1, on right: 0
expression (42)
    on left: 2 3 4 5 6 7 8 9 10 11 12 13 14 15 16 17 18 19 20 21 22
    23 24 25 26 27 28 29 30 31 32 33, on right: 1 3 5 6 7 8 11 12 13
    14 15 16 17 18 19 20 21 22 25 26 27 28 30 31 32 36 37
id_list (43)
    on left: 34 35, on right: 5 7 35
expression_application (44)
    on left: 36 37, on right: 4 37


state 0

    0 $accept: . program $end

    TOKEN_READSTRING  shift, and go to state 1
    TOKEN_READINT     shift, and go to state 2
    TOKEN_PRINT       shift, and go to state 3
    TOKEN_ISNIL       shift, and go to state 4
    TOKEN_HD          shift, and go to state 5
    TOKEN_TL          shift, and go to state 6
    TOKEN_NIL         shift, and go to state 7
    TOKEN_LET         shift, and go to state 8
    TOKEN_IDENTIFIER  shift, and go to state 9
    TOKEN_INT         shift, and go to state 10
    TOKEN_LPAREN      shift, and go to state 11
    TOKEN_IF          shift, and go to state 12
    TOKEN_LAMBDA      shift, and go to state 13
    TOKEN_FUN         shift, and go to state 14
    TOKEN_STRING      shift, and go to state 15
    TOKEN_ERROR       shift, and go to state 16

    program     go to state 17
    expression  go to state 18


state 1

   24 expression: TOKEN_READSTRING .

    $default  reduce using rule 24 (expression)


state 2

   23 expression: TOKEN_READINT .

    $default  reduce using rule 23 (expression)


state 3

   25 expression: TOKEN_PRINT . expression

    TOKEN_READSTRING  shift, and go to state 1
    TOKEN_READINT     shift, and go to state 2
    TOKEN_PRINT       shift, and go to state 3
    TOKEN_ISNIL       shift, and go to state 4
    TOKEN_HD          shift, and go to state 5
    TOKEN_TL          shift, and go to state 6
    TOKEN_NIL         shift, and go to state 7
    TOKEN_LET         shift, and go to state 8
    TOKEN_IDENTIFIER  shift, and go to state 9
    TOKEN_INT         shift, and go to state 10
    TOKEN_LPAREN      shift, and go to state 11
    TOKEN_IF          shift, and go to state 12
    TOKEN_LAMBDA      shift, and go to state 13
    TOKEN_FUN         shift, and go to state 14
    TOKEN_STRING      shift, and go to state 15
    TOKEN_ERROR       shift, and go to state 16

    expression  go to state 19


state 4

   26 expression: TOKEN_ISNIL . expression

    TOKEN_READSTRING  shift, and go to state 1
    TOKEN_READINT     shift, and go to state 2
    TOKEN_PRINT       shift, and go to state 3
    TOKEN_ISNIL       shift, and go to state 4
    TOKEN_HD          shift, and go to state 5
    TOKEN_TL          shift, and go to state 6
    TOKEN_NIL         shift, and go to state 7
    TOKEN_LET         shift, and go to state 8
    TOKEN_IDENTIFIER  shift, and go to state 9
    TOKEN_INT         shift, and go to state 10
    TOKEN_LPAREN      shift, and go to state 11
    TOKEN_IF          shift, and go to state 12
    TOKEN_LAMBDA      shift, and go to state 13
    TOKEN_FUN         shift, and go to state 14
    TOKEN_STRING      shift, and go to state 15
    TOKEN_ERROR       shift, and go to state 16

    expression  go to state 20


state 5

   27 expression: TOKEN_HD . expression

    TOKEN_READSTRING  shift, and go to state 1
    TOKEN_READINT     shift, and go to state 2
    TOKEN_PRINT       shift, and go to state 3
    TOKEN_ISNIL       shift, and go to state 4
    TOKEN_HD          shift, and go to state 5
    TOKEN_TL          shift, and go to state 6
    TOKEN_NIL         shift, and go to state 7
    TOKEN_LET         shift, and go to state 8
    TOKEN_IDENTIFIER  shift, and go to state 9
    TOKEN_INT         shift, and go to state 10
    TOKEN_LPAREN      shift, and go to state 11
    TOKEN_IF          shift, and go to state 12
    TOKEN_LAMBDA      shift, and go to state 13
    TOKEN_FUN         shift, and go to state 14
    TOKEN_STRING      shift, and go to state 15
    TOKEN_ERROR       shift, and go to state 16

    expression  go to state 21


state 6

   28 expression: TOKEN_TL . expression

    TOKEN_READSTRING  shift, and go to state 1
    TOKEN_READINT     shift, and go to state 2
    TOKEN_PRINT       shift, and go to state 3
    TOKEN_ISNIL       shift, and go to state 4
    TOKEN_HD          shift, and go to state 5
    TOKEN_TL          shift, and go to state 6
    TOKEN_NIL         shift, and go to state 7
    TOKEN_LET         shift, and go to state 8
    TOKEN_IDENTIFIER  shift, and go to state 9
    TOKEN_INT         shift, and go to state 10
    TOKEN_LPAREN      shift, and go to state 11
    TOKEN_IF          shift, and go to state 12
    TOKEN_LAMBDA      shift, and go to state 13
    TOKEN_FUN         shift, and go to state 14
    TOKEN_STRING      shift, and go to state 15
    TOKEN_ERROR       shift, and go to state 16

    expression  go to state 22


state 7

   29 expression: TOKEN_NIL .

    $default  reduce using rule 29 (expression)


state 8

   31 expression: TOKEN_LET . TOKEN_IDENTIFIER TOKEN_EQ expression TOKEN_IN expression

    TOKEN_IDENTIFIER  shift, and go to state 23


state 9

   10 expression: TOKEN_IDENTIFIER .

    $default  reduce using rule 10 (expression)


state 10

    2 expression: TOKEN_INT .

    $default  reduce using rule 2 (expression)


state 11

    3 expression: TOKEN_LPAREN . expression TOKEN_RPAREN
    4           | TOKEN_LPAREN . expression_application TOKEN_RPAREN

    TOKEN_READSTRING  shift, and go to state 1
    TOKEN_READINT     shift, and go to state 2
    TOKEN_PRINT       shift, and go to state 3
    TOKEN_ISNIL       shift, and go to state 4
    TOKEN_HD          shift, and go to state 5
    TOKEN_TL          shift, and go to state 6
    TOKEN_NIL         shift, and go to state 7
    TOKEN_LET         shift, and go to state 8
    TOKEN_IDENTIFIER  shift, and go to state 9
    TOKEN_INT         shift, and go to state 10
    TOKEN_LPAREN      shift, and go to state 11
    TOKEN_IF          shift, and go to state 12
    TOKEN_LAMBDA      shift, and go to state 13
    TOKEN_FUN         shift, and go to state 14
    TOKEN_STRING      shift, and go to state 15
    TOKEN_ERROR       shift, and go to state 16

    expression              go to state 24
    expression_application  go to state 25


state 12

   32 expression: TOKEN_IF . expression TOKEN_THEN expression TOKEN_ELSE expression

    TOKEN_READSTRING  shift, and go to state 1
    TOKEN_READINT     shift, and go to state 2
    TOKEN_PRINT       shift, and go to state 3
    TOKEN_ISNIL       shift, and go to state 4
    TOKEN_HD          shift, and go to state 5
    TOKEN_TL          shift, and go to state 6
    TOKEN_NIL         shift, and go to state 7
    TOKEN_LET         shift, and go to state 8
    TOKEN_IDENTIFIER  shift, and go to state 9
    TOKEN_INT         shift, and go to state 10
    TOKEN_LPAREN      shift, and go to state 11
    TOKEN_IF          shift, and go to state 12
    TOKEN_LAMBDA      shift, and go to state 13
    TOKEN_FUN         shift, and go to state 14
    TOKEN_STRING      shift, and go to state 15
    TOKEN_ERROR       shift, and go to state 16

    expression  go to state 26


state 13

    7 expression: TOKEN_LAMBDA . id_list TOKEN_DOT expression
    8           | TOKEN_LAMBDA . TOKEN_IDENTIFIER TOKEN_DOT expression

    TOKEN_IDENTIFIER  shift, and go to state 27

    id_list  go to state 28


state 14

    5 expression: TOKEN_FUN . TOKEN_IDENTIFIER TOKEN_WITH id_list TOKEN_EQ expression TOKEN_IN expression
    6           | TOKEN_FUN . TOKEN_IDENTIFIER TOKEN_WITH TOKEN_IDENTIFIER TOKEN_EQ expression TOKEN_IN expression

    TOKEN_IDENTIFIER  shift, and go to state 29


state 15

    9 expression: TOKEN_STRING .

    $default  reduce using rule 9 (expression)


state 16

   33 expression: TOKEN_ERROR .

    $default  reduce using rule 33 (expression)


state 17

    0 $accept: program . $end

    $end  shift, and go to state 30


state 18

    1 program: expression .
   11 expression: expression . TOKEN_PLUS expression
   12           | expression . TOKEN_AND expression
   13           | expression . TOKEN_OR expression
   14           | expression . TOKEN_MINUS expression
   15           | expression . TOKEN_TIMES expression
   16           | expression . TOKEN_DIVIDE expression
   17           | expression . TOKEN_EQ expression
   18           | expression . TOKEN_NEQ expression
   19           | expression . TOKEN_GT expression
   20           | expression . TOKEN_GEQ expression
   21           | expression . TOKEN_LT expression
   22           | expression . TOKEN_LEQ expression
   30           | expression . TOKEN_CONS expression

    TOKEN_CONS    shift, and go to state 31
    TOKEN_PLUS    shift, and go to state 32
    TOKEN_MINUS   shift, and go to state 33
    TOKEN_TIMES   shift, and go to state 34
    TOKEN_DIVIDE  shift, and go to state 35
    TOKEN_AND     shift, and go to state 36
    TOKEN_OR      shift, and go to state 37
    TOKEN_EQ      shift, and go to state 38
    TOKEN_NEQ     shift, and go to state 39
    TOKEN_GT      shift, and go to state 40
    TOKEN_GEQ     shift, and go to state 41
    TOKEN_LT      shift, and go to state 42
    TOKEN_LEQ     shift, and go to state 43

    $default  reduce using rule 1 (program)


state 19

   11 expression: expression . TOKEN_PLUS expression
   12           | expression . TOKEN_AND expression
   13           | expression . TOKEN_OR expression
   14           | expression . TOKEN_MINUS expression
   15           | expression . TOKEN_TIMES expression
   16           | expression . TOKEN_DIVIDE expression
   17           | expression . TOKEN_EQ expression
   18           | expression . TOKEN_NEQ expression
   19           | expression . TOKEN_GT expression
   20           | expression . TOKEN_GEQ expression
   21           | expression . TOKEN_LT expression
   22           | expression . TOKEN_LEQ expression
   25           | TOKEN_PRINT expression .
   30           | expression . TOKEN_CONS expression

    TOKEN_CONS    shift, and go to state 31
    TOKEN_PLUS    shift, and go to state 32
    TOKEN_MINUS   shift, and go to state 33
    TOKEN_TIMES   shift, and go to state 34
    TOKEN_DIVIDE  shift, and go to state 35
    TOKEN_AND     shift, and go to state 36
    TOKEN_OR      shift, and go to state 37
    TOKEN_EQ      shift, and go to state 38
    TOKEN_NEQ     shift, and go to state 39
    TOKEN_GT      shift, and go to state 40
    TOKEN_GEQ     shift, and go to state 41
    TOKEN_LT      shift, and go to state 42
    TOKEN_LEQ     shift, and go to state 43

    $default  reduce using rule 25 (expression)


state 20

   11 expression: expression . TOKEN_PLUS expression
   12           | expression . TOKEN_AND expression
   13           | expression . TOKEN_OR expression
   14           | expression . TOKEN_MINUS expression
   15           | expression . TOKEN_TIMES expression
   16           | expression . TOKEN_DIVIDE expression
   17           | expression . TOKEN_EQ expression
   18           | expression . TOKEN_NEQ expression
   19           | expression . TOKEN_GT expression
   20           | expression . TOKEN_GEQ expression
   21           | expression . TOKEN_LT expression
   22           | expression . TOKEN_LEQ expression
   26           | TOKEN_ISNIL expression .
   30           | expression . TOKEN_CONS expression

    TOKEN_CONS  shift, and go to state 31

    $default  reduce using rule 26 (expression)


state 21

   11 expression: expression . TOKEN_PLUS expression
   12           | expression . TOKEN_AND expression
   13           | expression . TOKEN_OR expression
   14           | expression . TOKEN_MINUS expression
   15           | expression . TOKEN_TIMES expression
   16           | expression . TOKEN_DIVIDE expression
   17           | expression . TOKEN_EQ expression
   18           | expression . TOKEN_NEQ expression
   19           | expression . TOKEN_GT expression
   20           | expression . TOKEN_GEQ expression
   21           | expression . TOKEN_LT expression
   22           | expression . TOKEN_LEQ expression
   27           | TOKEN_HD expression .
   30           | expression . TOKEN_CONS expression

    $default  reduce using rule 27 (expression)


state 22

   11 expression: expression . TOKEN_PLUS expression
   12           | expression . TOKEN_AND expression
   13           | expression . TOKEN_OR expression
   14           | expression . TOKEN_MINUS expression
   15           | expression . TOKEN_TIMES expression
   16           | expression . TOKEN_DIVIDE expression
   17           | expression . TOKEN_EQ expression
   18           | expression . TOKEN_NEQ expression
   19           | expression . TOKEN_GT expression
   20           | expression . TOKEN_GEQ expression
   21           | expression . TOKEN_LT expression
   22           | expression . TOKEN_LEQ expression
   28           | TOKEN_TL expression .
   30           | expression . TOKEN_CONS expression

    $default  reduce using rule 28 (expression)


state 23

   31 expression: TOKEN_LET TOKEN_IDENTIFIER . TOKEN_EQ expression TOKEN_IN expression

    TOKEN_EQ  shift, and go to state 44


state 24

    3 expression: TOKEN_LPAREN expression . TOKEN_RPAREN
   11           | expression . TOKEN_PLUS expression
   12           | expression . TOKEN_AND expression
   13           | expression . TOKEN_OR expression
   14           | expression . TOKEN_MINUS expression
   15           | expression . TOKEN_TIMES expression
   16           | expression . TOKEN_DIVIDE expression
   17           | expression . TOKEN_EQ expression
   18           | expression . TOKEN_NEQ expression
   19           | expression . TOKEN_GT expression
   20           | expression . TOKEN_GEQ expression
   21           | expression . TOKEN_LT expression
   22           | expression . TOKEN_LEQ expression
   30           | expression . TOKEN_CONS expression
   36 expression_application: expression . expression

    TOKEN_READSTRING  shift, and go to state 1
    TOKEN_READINT     shift, and go to state 2
    TOKEN_PRINT       shift, and go to state 3
    TOKEN_ISNIL       shift, and go to state 4
    TOKEN_HD          shift, and go to state 5
    TOKEN_TL          shift, and go to state 6
    TOKEN_CONS        shift, and go to state 31
    TOKEN_NIL         shift, and go to state 7
    TOKEN_LET         shift, and go to state 8
    TOKEN_PLUS        shift, and go to state 32
    TOKEN_MINUS       shift, and go to state 33
    TOKEN_IDENTIFIER  shift, and go to state 9
    TOKEN_TIMES       shift, and go to state 34
    TOKEN_DIVIDE      shift, and go to state 35
    TOKEN_INT         shift, and go to state 10
    TOKEN_LPAREN      shift, and go to state 11
    TOKEN_RPAREN      shift, and go to state 45
    TOKEN_AND         shift, and go to state 36
    TOKEN_OR          shift, and go to state 37
    TOKEN_EQ          shift, and go to state 38
    TOKEN_NEQ         shift, and go to state 39
    TOKEN_GT          shift, and go to state 40
    TOKEN_GEQ         shift, and go to state 41
    TOKEN_LT          shift, and go to state 42
    TOKEN_LEQ         shift, and go to state 43
    TOKEN_IF          shift, and go to state 12
    TOKEN_LAMBDA      shift, and go to state 13
    TOKEN_FUN         shift, and go to state 14
    TOKEN_STRING      shift, and go to state 15
    TOKEN_ERROR       shift, and go to state 16

    expression  go to state 46


state 25

    4 expression: TOKEN_LPAREN expression_application . TOKEN_RPAREN
   37 expression_application: expression_application . expression

    TOKEN_READSTRING  shift, and go to state 1
    TOKEN_READINT     shift, and go to state 2
    TOKEN_PRINT       shift, and go to state 3
    TOKEN_ISNIL       shift, and go to state 4
    TOKEN_HD          shift, and go to state 5
    TOKEN_TL          shift, and go to state 6
    TOKEN_NIL         shift, and go to state 7
    TOKEN_LET         shift, and go to state 8
    TOKEN_IDENTIFIER  shift, and go to state 9
    TOKEN_INT         shift, and go to state 10
    TOKEN_LPAREN      shift, and go to state 11
    TOKEN_RPAREN      shift, and go to state 47
    TOKEN_IF          shift, and go to state 12
    TOKEN_LAMBDA      shift, and go to state 13
    TOKEN_FUN         shift, and go to state 14
    TOKEN_STRING      shift, and go to state 15
    TOKEN_ERROR       shift, and go to state 16

    expression  go to state 48


state 26

   11 expression: expression . TOKEN_PLUS expression
   12           | expression . TOKEN_AND expression
   13           | expression . TOKEN_OR expression
   14           | expression . TOKEN_MINUS expression
   15           | expression . TOKEN_TIMES expression
   16           | expression . TOKEN_DIVIDE expression
   17           | expression . TOKEN_EQ expression
   18           | expression . TOKEN_NEQ expression
   19           | expression . TOKEN_GT expression
   20           | expression . TOKEN_GEQ expression
   21           | expression . TOKEN_LT expression
   22           | expression . TOKEN_LEQ expression
   30           | expression . TOKEN_CONS expression
   32           | TOKEN_IF expression . TOKEN_THEN expression TOKEN_ELSE expression

    TOKEN_CONS    shift, and go to state 31
    TOKEN_PLUS    shift, and go to state 32
    TOKEN_MINUS   shift, and go to state 33
    TOKEN_TIMES   shift, and go to state 34
    TOKEN_DIVIDE  shift, and go to state 35
    TOKEN_AND     shift, and go to state 36
    TOKEN_OR      shift, and go to state 37
    TOKEN_EQ      shift, and go to state 38
    TOKEN_NEQ     shift, and go to state 39
    TOKEN_GT      shift, and go to state 40
    TOKEN_GEQ     shift, and go to state 41
    TOKEN_LT      shift, and go to state 42
    TOKEN_LEQ     shift, and go to state 43
    TOKEN_THEN    shift, and go to state 49


state 27

    8 expression: TOKEN_LAMBDA TOKEN_IDENTIFIER . TOKEN_DOT expression
   34 id_list: TOKEN_IDENTIFIER . TOKEN_COMMA TOKEN_IDENTIFIER
   35        | TOKEN_IDENTIFIER . TOKEN_COMMA id_list

    TOKEN_DOT    shift, and go to state 50
    TOKEN_COMMA  shift, and go to state 51


state 28

    7 expression: TOKEN_LAMBDA id_list . TOKEN_DOT expression

    TOKEN_DOT  shift, and go to state 52


state 29

    5 expression: TOKEN_FUN TOKEN_IDENTIFIER . TOKEN_WITH id_list TOKEN_EQ expression TOKEN_IN expression
    6           | TOKEN_FUN TOKEN_IDENTIFIER . TOKEN_WITH TOKEN_IDENTIFIER TOKEN_EQ expression TOKEN_IN expression

    TOKEN_WITH  shift, and go to state 53


state 30

    0 $accept: program $end .

    $default  accept


state 31

   30 expression: expression TOKEN_CONS . expression

    TOKEN_READSTRING  shift, and go to state 1
    TOKEN_READINT     shift, and go to state 2
    TOKEN_PRINT       shift, and go to state 3
    TOKEN_ISNIL       shift, and go to state 4
    TOKEN_HD          shift, and go to state 5
    TOKEN_TL          shift, and go to state 6
    TOKEN_NIL         shift, and go to state 7
    TOKEN_LET         shift, and go to state 8
    TOKEN_IDENTIFIER  shift, and go to state 9
    TOKEN_INT         shift, and go to state 10
    TOKEN_LPAREN      shift, and go to state 11
    TOKEN_IF          shift, and go to state 12
    TOKEN_LAMBDA      shift, and go to state 13
    TOKEN_FUN         shift, and go to state 14
    TOKEN_STRING      shift, and go to state 15
    TOKEN_ERROR       shift, and go to state 16

    expression  go to state 54


state 32

   11 expression: expression TOKEN_PLUS . expression

    TOKEN_READSTRING  shift, and go to state 1
    TOKEN_READINT     shift, and go to state 2
    TOKEN_PRINT       shift, and go to state 3
    TOKEN_ISNIL       shift, and go to state 4
    TOKEN_HD          shift, and go to state 5
    TOKEN_TL          shift, and go to state 6
    TOKEN_NIL         shift, and go to state 7
    TOKEN_LET         shift, and go to state 8
    TOKEN_IDENTIFIER  shift, and go to state 9
    TOKEN_INT         shift, and go to state 10
    TOKEN_LPAREN      shift, and go to state 11
    TOKEN_IF          shift, and go to state 12
    TOKEN_LAMBDA      shift, and go to state 13
    TOKEN_FUN         shift, and go to state 14
    TOKEN_STRING      shift, and go to state 15
    TOKEN_ERROR       shift, and go to state 16

    expression  go to state 55


state 33

   14 expression: expression TOKEN_MINUS . expression

    TOKEN_READSTRING  shift, and go to state 1
    TOKEN_READINT     shift, and go to state 2
    TOKEN_PRINT       shift, and go to state 3
    TOKEN_ISNIL       shift, and go to state 4
    TOKEN_HD          shift, and go to state 5
    TOKEN_TL          shift, and go to state 6
    TOKEN_NIL         shift, and go to state 7
    TOKEN_LET         shift, and go to state 8
    TOKEN_IDENTIFIER  shift, and go to state 9
    TOKEN_INT         shift, and go to state 10
    TOKEN_LPAREN      shift, and go to state 11
    TOKEN_IF          shift, and go to state 12
    TOKEN_LAMBDA      shift, and go to state 13
    TOKEN_FUN         shift, and go to state 14
    TOKEN_STRING      shift, and go to state 15
    TOKEN_ERROR       shift, and go to state 16

    expression  go to state 56


state 34

   15 expression: expression TOKEN_TIMES . expression

    TOKEN_READSTRING  shift, and go to state 1
    TOKEN_READINT     shift, and go to state 2
    TOKEN_PRINT       shift, and go to state 3
    TOKEN_ISNIL       shift, and go to state 4
    TOKEN_HD          shift, and go to state 5
    TOKEN_TL          shift, and go to state 6
    TOKEN_NIL         shift, and go to state 7
    TOKEN_LET         shift, and go to state 8
    TOKEN_IDENTIFIER  shift, and go to state 9
    TOKEN_INT         shift, and go to state 10
    TOKEN_LPAREN      shift, and go to state 11
    TOKEN_IF          shift, and go to state 12
    TOKEN_LAMBDA      shift, and go to state 13
    TOKEN_FUN         shift, and go to state 14
    TOKEN_STRING      shift, and go to state 15
    TOKEN_ERROR       shift, and go to state 16

    expression  go to state 57


state 35

   16 expression: expression TOKEN_DIVIDE . expression

    TOKEN_READSTRING  shift, and go to state 1
    TOKEN_READINT     shift, and go to state 2
    TOKEN_PRINT       shift, and go to state 3
    TOKEN_ISNIL       shift, and go to state 4
    TOKEN_HD          shift, and go to state 5
    TOKEN_TL          shift, and go to state 6
    TOKEN_NIL         shift, and go to state 7
    TOKEN_LET         shift, and go to state 8
    TOKEN_IDENTIFIER  shift, and go to state 9
    TOKEN_INT         shift, and go to state 10
    TOKEN_LPAREN      shift, and go to state 11
    TOKEN_IF          shift, and go to state 12
    TOKEN_LAMBDA      shift, and go to state 13
    TOKEN_FUN         shift, and go to state 14
    TOKEN_STRING      shift, and go to state 15
    TOKEN_ERROR       shift, and go to state 16

    expression  go to state 58


state 36

   12 expression: expression TOKEN_AND . expression

    TOKEN_READSTRING  shift, and go to state 1
    TOKEN_READINT     shift, and go to state 2
    TOKEN_PRINT       shift, and go to state 3
    TOKEN_ISNIL       shift, and go to state 4
    TOKEN_HD          shift, and go to state 5
    TOKEN_TL          shift, and go to state 6
    TOKEN_NIL         shift, and go to state 7
    TOKEN_LET         shift, and go to state 8
    TOKEN_IDENTIFIER  shift, and go to state 9
    TOKEN_INT         shift, and go to state 10
    TOKEN_LPAREN      shift, and go to state 11
    TOKEN_IF          shift, and go to state 12
    TOKEN_LAMBDA      shift, and go to state 13
    TOKEN_FUN         shift, and go to state 14
    TOKEN_STRING      shift, and go to state 15
    TOKEN_ERROR       shift, and go to state 16

    expression  go to state 59


state 37

   13 expression: expression TOKEN_OR . expression

    TOKEN_READSTRING  shift, and go to state 1
    TOKEN_READINT     shift, and go to state 2
    TOKEN_PRINT       shift, and go to state 3
    TOKEN_ISNIL       shift, and go to state 4
    TOKEN_HD          shift, and go to state 5
    TOKEN_TL          shift, and go to state 6
    TOKEN_NIL         shift, and go to state 7
    TOKEN_LET         shift, and go to state 8
    TOKEN_IDENTIFIER  shift, and go to state 9
    TOKEN_INT         shift, and go to state 10
    TOKEN_LPAREN      shift, and go to state 11
    TOKEN_IF          shift, and go to state 12
    TOKEN_LAMBDA      shift, and go to state 13
    TOKEN_FUN         shift, and go to state 14
    TOKEN_STRING      shift, and go to state 15
    TOKEN_ERROR       shift, and go to state 16

    expression  go to state 60


state 38

   17 expression: expression TOKEN_EQ . expression

    TOKEN_READSTRING  shift, and go to state 1
    TOKEN_READINT     shift, and go to state 2
    TOKEN_PRINT       shift, and go to state 3
    TOKEN_ISNIL       shift, and go to state 4
    TOKEN_HD          shift, and go to state 5
    TOKEN_TL          shift, and go to state 6
    TOKEN_NIL         shift, and go to state 7
    TOKEN_LET         shift, and go to state 8
    TOKEN_IDENTIFIER  shift, and go to state 9
    TOKEN_INT         shift, and go to state 10
    TOKEN_LPAREN      shift, and go to state 11
    TOKEN_IF          shift, and go to state 12
    TOKEN_LAMBDA      shift, and go to state 13
    TOKEN_FUN         shift, and go to state 14
    TOKEN_STRING      shift, and go to state 15
    TOKEN_ERROR       shift, and go to state 16

    expression  go to state 61


state 39

   18 expression: expression TOKEN_NEQ . expression

    TOKEN_READSTRING  shift, and go to state 1
    TOKEN_READINT     shift, and go to state 2
    TOKEN_PRINT       shift, and go to state 3
    TOKEN_ISNIL       shift, and go to state 4
    TOKEN_HD          shift, and go to state 5
    TOKEN_TL          shift, and go to state 6
    TOKEN_NIL         shift, and go to state 7
    TOKEN_LET         shift, and go to state 8
    TOKEN_IDENTIFIER  shift, and go to state 9
    TOKEN_INT         shift, and go to state 10
    TOKEN_LPAREN      shift, and go to state 11
    TOKEN_IF          shift, and go to state 12
    TOKEN_LAMBDA      shift, and go to state 13
    TOKEN_FUN         shift, and go to state 14
    TOKEN_STRING      shift, and go to state 15
    TOKEN_ERROR       shift, and go to state 16

    expression  go to state 62


state 40

   19 expression: expression TOKEN_GT . expression

    TOKEN_READSTRING  shift, and go to state 1
    TOKEN_READINT     shift, and go to state 2
    TOKEN_PRINT       shift, and go to state 3
    TOKEN_ISNIL       shift, and go to state 4
    TOKEN_HD          shift, and go to state 5
    TOKEN_TL          shift, and go to state 6
    TOKEN_NIL         shift, and go to state 7
    TOKEN_LET         shift, and go to state 8
    TOKEN_IDENTIFIER  shift, and go to state 9
    TOKEN_INT         shift, and go to state 10
    TOKEN_LPAREN      shift, and go to state 11
    TOKEN_IF          shift, and go to state 12
    TOKEN_LAMBDA      shift, and go to state 13
    TOKEN_FUN         shift, and go to state 14
    TOKEN_STRING      shift, and go to state 15
    TOKEN_ERROR       shift, and go to state 16

    expression  go to state 63


state 41

   20 expression: expression TOKEN_GEQ . expression

    TOKEN_READSTRING  shift, and go to state 1
    TOKEN_READINT     shift, and go to state 2
    TOKEN_PRINT       shift, and go to state 3
    TOKEN_ISNIL       shift, and go to state 4
    TOKEN_HD          shift, and go to state 5
    TOKEN_TL          shift, and go to state 6
    TOKEN_NIL         shift, and go to state 7
    TOKEN_LET         shift, and go to state 8
    TOKEN_IDENTIFIER  shift, and go to state 9
    TOKEN_INT         shift, and go to state 10
    TOKEN_LPAREN      shift, and go to state 11
    TOKEN_IF          shift, and go to state 12
    TOKEN_LAMBDA      shift, and go to state 13
    TOKEN_FUN         shift, and go to state 14
    TOKEN_STRING      shift, and go to state 15
    TOKEN_ERROR       shift, and go to state 16

    expression  go to state 64


state 42

   21 expression: expression TOKEN_LT . expression

    TOKEN_READSTRING  shift, and go to state 1
    TOKEN_READINT     shift, and go to state 2
    TOKEN_PRINT       shift, and go to state 3
    TOKEN_ISNIL       shift, and go to state 4
    TOKEN_HD          shift, and go to state 5
    TOKEN_TL          shift, and go to state 6
    TOKEN_NIL         shift, and go to state 7
    TOKEN_LET         shift, and go to state 8
    TOKEN_IDENTIFIER  shift, and go to state 9
    TOKEN_INT         shift, and go to state 10
    TOKEN_LPAREN      shift, and go to state 11
    TOKEN_IF          shift, and go to state 12
    TOKEN_LAMBDA      shift, and go to state 13
    TOKEN_FUN         shift, and go to state 14
    TOKEN_STRING      shift, and go to state 15
    TOKEN_ERROR       shift, and go to state 16

    expression  go to state 65


state 43

   22 expression: expression TOKEN_LEQ . expression

    TOKEN_READSTRING  shift, and go to state 1
    TOKEN_READINT     shift, and go to state 2
    TOKEN_PRINT       shift, and go to state 3
    TOKEN_ISNIL       shift, and go to state 4
    TOKEN_HD          shift, and go to state 5
    TOKEN_TL          shift, and go to state 6
    TOKEN_NIL         shift, and go to state 7
    TOKEN_LET         shift, and go to state 8
    TOKEN_IDENTIFIER  shift, and go to state 9
    TOKEN_INT         shift, and go to state 10
    TOKEN_LPAREN      shift, and go to state 11
    TOKEN_IF          shift, and go to state 12
    TOKEN_LAMBDA      shift, and go to state 13
    TOKEN_FUN         shift, and go to state 14
    TOKEN_STRING      shift, and go to state 15
    TOKEN_ERROR       shift, and go to state 16

    expression  go to state 66


state 44

   31 expression: TOKEN_LET TOKEN_IDENTIFIER TOKEN_EQ . expression TOKEN_IN expression

    TOKEN_READSTRING  shift, and go to state 1
    TOKEN_READINT     shift, and go to state 2
    TOKEN_PRINT       shift, and go to state 3
    TOKEN_ISNIL       shift, and go to state 4
    TOKEN_HD          shift, and go to state 5
    TOKEN_TL          shift, and go to state 6
    TOKEN_NIL         shift, and go to state 7
    TOKEN_LET         shift, and go to state 8
    TOKEN_IDENTIFIER  shift, and go to state 9
    TOKEN_INT         shift, and go to state 10
    TOKEN_LPAREN      shift, and go to state 11
    TOKEN_IF          shift, and go to state 12
    TOKEN_LAMBDA      shift, and go to state 13
    TOKEN_FUN         shift, and go to state 14
    TOKEN_STRING      shift, and go to state 15
    TOKEN_ERROR       shift, and go to state 16

    expression  go to state 67


state 45

    3 expression: TOKEN_LPAREN expression TOKEN_RPAREN .

    $default  reduce using rule 3 (expression)


state 46

   11 expression: expression . TOKEN_PLUS expression
   12           | expression . TOKEN_AND expression
   13           | expression . TOKEN_OR expression
   14           | expression . TOKEN_MINUS expression
   15           | expression . TOKEN_TIMES expression
   16           | expression . TOKEN_DIVIDE expression
   17           | expression . TOKEN_EQ expression
   18           | expression . TOKEN_NEQ expression
   19           | expression . TOKEN_GT expression
   20           | expression . TOKEN_GEQ expression
   21           | expression . TOKEN_LT expression
   22           | expression . TOKEN_LEQ expression
   30           | expression . TOKEN_CONS expression
   36 expression_application: expression expression .

    TOKEN_CONS    shift, and go to state 31
    TOKEN_PLUS    shift, and go to state 32
    TOKEN_MINUS   shift, and go to state 33
    TOKEN_TIMES   shift, and go to state 34
    TOKEN_DIVIDE  shift, and go to state 35
    TOKEN_AND     shift, and go to state 36
    TOKEN_OR      shift, and go to state 37
    TOKEN_EQ      shift, and go to state 38
    TOKEN_NEQ     shift, and go to state 39
    TOKEN_GT      shift, and go to state 40
    TOKEN_GEQ     shift, and go to state 41
    TOKEN_LT      shift, and go to state 42
    TOKEN_LEQ     shift, and go to state 43

    $default  reduce using rule 36 (expression_application)


state 47

    4 expression: TOKEN_LPAREN expression_application TOKEN_RPAREN .

    $default  reduce using rule 4 (expression)


state 48

   11 expression: expression . TOKEN_PLUS expression
   12           | expression . TOKEN_AND expression
   13           | expression . TOKEN_OR expression
   14           | expression . TOKEN_MINUS expression
   15           | expression . TOKEN_TIMES expression
   16           | expression . TOKEN_DIVIDE expression
   17           | expression . TOKEN_EQ expression
   18           | expression . TOKEN_NEQ expression
   19           | expression . TOKEN_GT expression
   20           | expression . TOKEN_GEQ expression
   21           | expression . TOKEN_LT expression
   22           | expression . TOKEN_LEQ expression
   30           | expression . TOKEN_CONS expression
   37 expression_application: expression_application expression .

    TOKEN_CONS    shift, and go to state 31
    TOKEN_PLUS    shift, and go to state 32
    TOKEN_MINUS   shift, and go to state 33
    TOKEN_TIMES   shift, and go to state 34
    TOKEN_DIVIDE  shift, and go to state 35
    TOKEN_AND     shift, and go to state 36
    TOKEN_OR      shift, and go to state 37
    TOKEN_EQ      shift, and go to state 38
    TOKEN_NEQ     shift, and go to state 39
    TOKEN_GT      shift, and go to state 40
    TOKEN_GEQ     shift, and go to state 41
    TOKEN_LT      shift, and go to state 42
    TOKEN_LEQ     shift, and go to state 43

    $default  reduce using rule 37 (expression_application)


state 49

   32 expression: TOKEN_IF expression TOKEN_THEN . expression TOKEN_ELSE expression

    TOKEN_READSTRING  shift, and go to state 1
    TOKEN_READINT     shift, and go to state 2
    TOKEN_PRINT       shift, and go to state 3
    TOKEN_ISNIL       shift, and go to state 4
    TOKEN_HD          shift, and go to state 5
    TOKEN_TL          shift, and go to state 6
    TOKEN_NIL         shift, and go to state 7
    TOKEN_LET         shift, and go to state 8
    TOKEN_IDENTIFIER  shift, and go to state 9
    TOKEN_INT         shift, and go to state 10
    TOKEN_LPAREN      shift, and go to state 11
    TOKEN_IF          shift, and go to state 12
    TOKEN_LAMBDA      shift, and go to state 13
    TOKEN_FUN         shift, and go to state 14
    TOKEN_STRING      shift, and go to state 15
    TOKEN_ERROR       shift, and go to state 16

    expression  go to state 68


state 50

    8 expression: TOKEN_LAMBDA TOKEN_IDENTIFIER TOKEN_DOT . expression

    TOKEN_READSTRING  shift, and go to state 1
    TOKEN_READINT     shift, and go to state 2
    TOKEN_PRINT       shift, and go to state 3
    TOKEN_ISNIL       shift, and go to state 4
    TOKEN_HD          shift, and go to state 5
    TOKEN_TL          shift, and go to state 6
    TOKEN_NIL         shift, and go to state 7
    TOKEN_LET         shift, and go to state 8
    TOKEN_IDENTIFIER  shift, and go to state 9
    TOKEN_INT         shift, and go to state 10
    TOKEN_LPAREN      shift, and go to state 11
    TOKEN_IF          shift, and go to state 12
    TOKEN_LAMBDA      shift, and go to state 13
    TOKEN_FUN         shift, and go to state 14
    TOKEN_STRING      shift, and go to state 15
    TOKEN_ERROR       shift, and go to state 16

    expression  go to state 69


state 51

   34 id_list: TOKEN_IDENTIFIER TOKEN_COMMA . TOKEN_IDENTIFIER
   35        | TOKEN_IDENTIFIER TOKEN_COMMA . id_list

    TOKEN_IDENTIFIER  shift, and go to state 70

    id_list  go to state 71


state 52

    7 expression: TOKEN_LAMBDA id_list TOKEN_DOT . expression

    TOKEN_READSTRING  shift, and go to state 1
    TOKEN_READINT     shift, and go to state 2
    TOKEN_PRINT       shift, and go to state 3
    TOKEN_ISNIL       shift, and go to state 4
    TOKEN_HD          shift, and go to state 5
    TOKEN_TL          shift, and go to state 6
    TOKEN_NIL         shift, and go to state 7
    TOKEN_LET         shift, and go to state 8
    TOKEN_IDENTIFIER  shift, and go to state 9
    TOKEN_INT         shift, and go to state 10
    TOKEN_LPAREN      shift, and go to state 11
    TOKEN_IF          shift, and go to state 12
    TOKEN_LAMBDA      shift, and go to state 13
    TOKEN_FUN         shift, and go to state 14
    TOKEN_STRING      shift, and go to state 15
    TOKEN_ERROR       shift, and go to state 16

    expression  go to state 72


state 53

    5 expression: TOKEN_FUN TOKEN_IDENTIFIER TOKEN_WITH . id_list TOKEN_EQ expression TOKEN_IN expression
    6           | TOKEN_FUN TOKEN_IDENTIFIER TOKEN_WITH . TOKEN_IDENTIFIER TOKEN_EQ expression TOKEN_IN expression

    TOKEN_IDENTIFIER  shift, and go to state 73

    id_list  go to state 74


state 54

   11 expression: expression . TOKEN_PLUS expression
   12           | expression . TOKEN_AND expression
   13           | expression . TOKEN_OR expression
   14           | expression . TOKEN_MINUS expression
   15           | expression . TOKEN_TIMES expression
   16           | expression . TOKEN_DIVIDE expression
   17           | expression . TOKEN_EQ expression
   18           | expression . TOKEN_NEQ expression
   19           | expression . TOKEN_GT expression
   20           | expression . TOKEN_GEQ expression
   21           | expression . TOKEN_LT expression
   22           | expression . TOKEN_LEQ expression
   30           | expression . TOKEN_CONS expression
   30           | expression TOKEN_CONS expression .

    TOKEN_CONS  shift, and go to state 31

    $default  reduce using rule 30 (expression)


state 55

   11 expression: expression . TOKEN_PLUS expression
   11           | expression TOKEN_PLUS expression .
   12           | expression . TOKEN_AND expression
   13           | expression . TOKEN_OR expression
   14           | expression . TOKEN_MINUS expression
   15           | expression . TOKEN_TIMES expression
   16           | expression . TOKEN_DIVIDE expression
   17           | expression . TOKEN_EQ expression
   18           | expression . TOKEN_NEQ expression
   19           | expression . TOKEN_GT expression
   20           | expression . TOKEN_GEQ expression
   21           | expression . TOKEN_LT expression
   22           | expression . TOKEN_LEQ expression
   30           | expression . TOKEN_CONS expression

    TOKEN_CONS    shift, and go to state 31
    TOKEN_MINUS   shift, and go to state 33
    TOKEN_TIMES   shift, and go to state 34
    TOKEN_DIVIDE  shift, and go to state 35

    $default  reduce using rule 11 (expression)


state 56

   11 expression: expression . TOKEN_PLUS expression
   12           | expression . TOKEN_AND expression
   13           | expression . TOKEN_OR expression
   14           | expression . TOKEN_MINUS expression
   14           | expression TOKEN_MINUS expression .
   15           | expression . TOKEN_TIMES expression
   16           | expression . TOKEN_DIVIDE expression
   17           | expression . TOKEN_EQ expression
   18           | expression . TOKEN_NEQ expression
   19           | expression . TOKEN_GT expression
   20           | expression . TOKEN_GEQ expression
   21           | expression . TOKEN_LT expression
   22           | expression . TOKEN_LEQ expression
   30           | expression . TOKEN_CONS expression

    TOKEN_CONS    shift, and go to state 31
    TOKEN_MINUS   shift, and go to state 33
    TOKEN_TIMES   shift, and go to state 34
    TOKEN_DIVIDE  shift, and go to state 35

    $default  reduce using rule 14 (expression)


state 57

   11 expression: expression . TOKEN_PLUS expression
   12           | expression . TOKEN_AND expression
   13           | expression . TOKEN_OR expression
   14           | expression . TOKEN_MINUS expression
   15           | expression . TOKEN_TIMES expression
   15           | expression TOKEN_TIMES expression .
   16           | expression . TOKEN_DIVIDE expression
   17           | expression . TOKEN_EQ expression
   18           | expression . TOKEN_NEQ expression
   19           | expression . TOKEN_GT expression
   20           | expression . TOKEN_GEQ expression
   21           | expression . TOKEN_LT expression
   22           | expression . TOKEN_LEQ expression
   30           | expression . TOKEN_CONS expression

    TOKEN_CONS    shift, and go to state 31
    TOKEN_DIVIDE  shift, and go to state 35

    $default  reduce using rule 15 (expression)


state 58

   11 expression: expression . TOKEN_PLUS expression
   12           | expression . TOKEN_AND expression
   13           | expression . TOKEN_OR expression
   14           | expression . TOKEN_MINUS expression
   15           | expression . TOKEN_TIMES expression
   16           | expression . TOKEN_DIVIDE expression
   16           | expression TOKEN_DIVIDE expression .
   17           | expression . TOKEN_EQ expression
   18           | expression . TOKEN_NEQ expression
   19           | expression . TOKEN_GT expression
   20           | expression . TOKEN_GEQ expression
   21           | expression . TOKEN_LT expression
   22           | expression . TOKEN_LEQ expression
   30           | expression . TOKEN_CONS expression

    TOKEN_CONS    shift, and go to state 31
    TOKEN_DIVIDE  shift, and go to state 35

    $default  reduce using rule 16 (expression)


state 59

   11 expression: expression . TOKEN_PLUS expression
   12           | expression . TOKEN_AND expression
   12           | expression TOKEN_AND expression .
   13           | expression . TOKEN_OR expression
   14           | expression . TOKEN_MINUS expression
   15           | expression . TOKEN_TIMES expression
   16           | expression . TOKEN_DIVIDE expression
   17           | expression . TOKEN_EQ expression
   18           | expression . TOKEN_NEQ expression
   19           | expression . TOKEN_GT expression
   20           | expression . TOKEN_GEQ expression
   21           | expression . TOKEN_LT expression
   22           | expression . TOKEN_LEQ expression
   30           | expression . TOKEN_CONS expression

    TOKEN_CONS    shift, and go to state 31
    TOKEN_PLUS    shift, and go to state 32
    TOKEN_MINUS   shift, and go to state 33
    TOKEN_TIMES   shift, and go to state 34
    TOKEN_DIVIDE  shift, and go to state 35
    TOKEN_OR      shift, and go to state 37

    $default  reduce using rule 12 (expression)


state 60

   11 expression: expression . TOKEN_PLUS expression
   12           | expression . TOKEN_AND expression
   13           | expression . TOKEN_OR expression
   13           | expression TOKEN_OR expression .
   14           | expression . TOKEN_MINUS expression
   15           | expression . TOKEN_TIMES expression
   16           | expression . TOKEN_DIVIDE expression
   17           | expression . TOKEN_EQ expression
   18           | expression . TOKEN_NEQ expression
   19           | expression . TOKEN_GT expression
   20           | expression . TOKEN_GEQ expression
   21           | expression . TOKEN_LT expression
   22           | expression . TOKEN_LEQ expression
   30           | expression . TOKEN_CONS expression

    TOKEN_CONS    shift, and go to state 31
    TOKEN_PLUS    shift, and go to state 32
    TOKEN_MINUS   shift, and go to state 33
    TOKEN_TIMES   shift, and go to state 34
    TOKEN_DIVIDE  shift, and go to state 35
    TOKEN_OR      shift, and go to state 37

    $default  reduce using rule 13 (expression)


state 61

   11 expression: expression . TOKEN_PLUS expression
   12           | expression . TOKEN_AND expression
   13           | expression . TOKEN_OR expression
   14           | expression . TOKEN_MINUS expression
   15           | expression . TOKEN_TIMES expression
   16           | expression . TOKEN_DIVIDE expression
   17           | expression . TOKEN_EQ expression
   17           | expression TOKEN_EQ expression .
   18           | expression . TOKEN_NEQ expression
   19           | expression . TOKEN_GT expression
   20           | expression . TOKEN_GEQ expression
   21           | expression . TOKEN_LT expression
   22           | expression . TOKEN_LEQ expression
   30           | expression . TOKEN_CONS expression

    TOKEN_CONS    shift, and go to state 31
    TOKEN_PLUS    shift, and go to state 32
    TOKEN_MINUS   shift, and go to state 33
    TOKEN_TIMES   shift, and go to state 34
    TOKEN_DIVIDE  shift, and go to state 35
    TOKEN_AND     shift, and go to state 36
    TOKEN_OR      shift, and go to state 37
    TOKEN_NEQ     shift, and go to state 39
    TOKEN_GT      shift, and go to state 40
    TOKEN_GEQ     shift, and go to state 41
    TOKEN_LT      shift, and go to state 42
    TOKEN_LEQ     shift, and go to state 43

    $default  reduce using rule 17 (expression)


state 62

   11 expression: expression . TOKEN_PLUS expression
   12           | expression . TOKEN_AND expression
   13           | expression . TOKEN_OR expression
   14           | expression . TOKEN_MINUS expression
   15           | expression . TOKEN_TIMES expression
   16           | expression . TOKEN_DIVIDE expression
   17           | expression . TOKEN_EQ expression
   18           | expression . TOKEN_NEQ expression
   18           | expression TOKEN_NEQ expression .
   19           | expression . TOKEN_GT expression
   20           | expression . TOKEN_GEQ expression
   21           | expression . TOKEN_LT expression
   22           | expression . TOKEN_LEQ expression
   30           | expression . TOKEN_CONS expression

    TOKEN_CONS    shift, and go to state 31
    TOKEN_PLUS    shift, and go to state 32
    TOKEN_MINUS   shift, and go to state 33
    TOKEN_TIMES   shift, and go to state 34
    TOKEN_DIVIDE  shift, and go to state 35
    TOKEN_AND     shift, and go to state 36
    TOKEN_OR      shift, and go to state 37
    TOKEN_NEQ     shift, and go to state 39
    TOKEN_GT      shift, and go to state 40
    TOKEN_GEQ     shift, and go to state 41
    TOKEN_LT      shift, and go to state 42
    TOKEN_LEQ     shift, and go to state 43

    $default  reduce using rule 18 (expression)


state 63

   11 expression: expression . TOKEN_PLUS expression
   12           | expression . TOKEN_AND expression
   13           | expression . TOKEN_OR expression
   14           | expression . TOKEN_MINUS expression
   15           | expression . TOKEN_TIMES expression
   16           | expression . TOKEN_DIVIDE expression
   17           | expression . TOKEN_EQ expression
   18           | expression . TOKEN_NEQ expression
   19           | expression . TOKEN_GT expression
   19           | expression TOKEN_GT expression .
   20           | expression . TOKEN_GEQ expression
   21           | expression . TOKEN_LT expression
   22           | expression . TOKEN_LEQ expression
   30           | expression . TOKEN_CONS expression

    TOKEN_CONS    shift, and go to state 31
    TOKEN_PLUS    shift, and go to state 32
    TOKEN_MINUS   shift, and go to state 33
    TOKEN_TIMES   shift, and go to state 34
    TOKEN_DIVIDE  shift, and go to state 35
    TOKEN_AND     shift, and go to state 36
    TOKEN_OR      shift, and go to state 37
    TOKEN_NEQ     shift, and go to state 39
    TOKEN_GT      shift, and go to state 40
    TOKEN_GEQ     shift, and go to state 41
    TOKEN_LT      shift, and go to state 42
    TOKEN_LEQ     shift, and go to state 43

    $default  reduce using rule 19 (expression)


state 64

   11 expression: expression . TOKEN_PLUS expression
   12           | expression . TOKEN_AND expression
   13           | expression . TOKEN_OR expression
   14           | expression . TOKEN_MINUS expression
   15           | expression . TOKEN_TIMES expression
   16           | expression . TOKEN_DIVIDE expression
   17           | expression . TOKEN_EQ expression
   18           | expression . TOKEN_NEQ expression
   19           | expression . TOKEN_GT expression
   20           | expression . TOKEN_GEQ expression
   20           | expression TOKEN_GEQ expression .
   21           | expression . TOKEN_LT expression
   22           | expression . TOKEN_LEQ expression
   30           | expression . TOKEN_CONS expression

    TOKEN_CONS    shift, and go to state 31
    TOKEN_PLUS    shift, and go to state 32
    TOKEN_MINUS   shift, and go to state 33
    TOKEN_TIMES   shift, and go to state 34
    TOKEN_DIVIDE  shift, and go to state 35
    TOKEN_AND     shift, and go to state 36
    TOKEN_OR      shift, and go to state 37
    TOKEN_NEQ     shift, and go to state 39
    TOKEN_GT      shift, and go to state 40
    TOKEN_GEQ     shift, and go to state 41
    TOKEN_LT      shift, and go to state 42
    TOKEN_LEQ     shift, and go to state 43

    $default  reduce using rule 20 (expression)


state 65

   11 expression: expression . TOKEN_PLUS expression
   12           | expression . TOKEN_AND expression
   13           | expression . TOKEN_OR expression
   14           | expression . TOKEN_MINUS expression
   15           | expression . TOKEN_TIMES expression
   16           | expression . TOKEN_DIVIDE expression
   17           | expression . TOKEN_EQ expression
   18           | expression . TOKEN_NEQ expression
   19           | expression . TOKEN_GT expression
   20           | expression . TOKEN_GEQ expression
   21           | expression . TOKEN_LT expression
   21           | expression TOKEN_LT expression .
   22           | expression . TOKEN_LEQ expression
   30           | expression . TOKEN_CONS expression

    TOKEN_CONS    shift, and go to state 31
    TOKEN_PLUS    shift, and go to state 32
    TOKEN_MINUS   shift, and go to state 33
    TOKEN_TIMES   shift, and go to state 34
    TOKEN_DIVIDE  shift, and go to state 35
    TOKEN_AND     shift, and go to state 36
    TOKEN_OR      shift, and go to state 37
    TOKEN_NEQ     shift, and go to state 39
    TOKEN_GT      shift, and go to state 40
    TOKEN_GEQ     shift, and go to state 41
    TOKEN_LT      shift, and go to state 42
    TOKEN_LEQ     shift, and go to state 43

    $default  reduce using rule 21 (expression)


state 66

   11 expression: expression . TOKEN_PLUS expression
   12           | expression . TOKEN_AND expression
   13           | expression . TOKEN_OR expression
   14           | expression . TOKEN_MINUS expression
   15           | expression . TOKEN_TIMES expression
   16           | expression . TOKEN_DIVIDE expression
   17           | expression . TOKEN_EQ expression
   18           | expression . TOKEN_NEQ expression
   19           | expression . TOKEN_GT expression
   20           | expression . TOKEN_GEQ expression
   21           | expression . TOKEN_LT expression
   22           | expression . TOKEN_LEQ expression
   22           | expression TOKEN_LEQ expression .
   30           | expression . TOKEN_CONS expression

    TOKEN_CONS    shift, and go to state 31
    TOKEN_PLUS    shift, and go to state 32
    TOKEN_MINUS   shift, and go to state 33
    TOKEN_TIMES   shift, and go to state 34
    TOKEN_DIVIDE  shift, and go to state 35
    TOKEN_AND     shift, and go to state 36
    TOKEN_OR      shift, and go to state 37
    TOKEN_NEQ     shift, and go to state 39
    TOKEN_GT      shift, and go to state 40
    TOKEN_GEQ     shift, and go to state 41
    TOKEN_LT      shift, and go to state 42
    TOKEN_LEQ     shift, and go to state 43

    $default  reduce using rule 22 (expression)


state 67

   11 expression: expression . TOKEN_PLUS expression
   12           | expression . TOKEN_AND expression
   13           | expression . TOKEN_OR expression
   14           | expression . TOKEN_MINUS expression
   15           | expression . TOKEN_TIMES expression
   16           | expression . TOKEN_DIVIDE expression
   17           | expression . TOKEN_EQ expression
   18           | expression . TOKEN_NEQ expression
   19           | expression . TOKEN_GT expression
   20           | expression . TOKEN_GEQ expression
   21           | expression . TOKEN_LT expression
   22           | expression . TOKEN_LEQ expression
   30           | expression . TOKEN_CONS expression
   31           | TOKEN_LET TOKEN_IDENTIFIER TOKEN_EQ expression . TOKEN_IN expression

    TOKEN_CONS    shift, and go to state 31
    TOKEN_PLUS    shift, and go to state 32
    TOKEN_MINUS   shift, and go to state 33
    TOKEN_TIMES   shift, and go to state 34
    TOKEN_DIVIDE  shift, and go to state 35
    TOKEN_AND     shift, and go to state 36
    TOKEN_OR      shift, and go to state 37
    TOKEN_EQ      shift, and go to state 38
    TOKEN_NEQ     shift, and go to state 39
    TOKEN_GT      shift, and go to state 40
    TOKEN_GEQ     shift, and go to state 41
    TOKEN_LT      shift, and go to state 42
    TOKEN_LEQ     shift, and go to state 43
    TOKEN_IN      shift, and go to state 75


state 68

   11 expression: expression . TOKEN_PLUS expression
   12           | expression . TOKEN_AND expression
   13           | expression . TOKEN_OR expression
   14           | expression . TOKEN_MINUS expression
   15           | expression . TOKEN_TIMES expression
   16           | expression . TOKEN_DIVIDE expression
   17           | expression . TOKEN_EQ expression
   18           | expression . TOKEN_NEQ expression
   19           | expression . TOKEN_GT expression
   20           | expression . TOKEN_GEQ expression
   21           | expression . TOKEN_LT expression
   22           | expression . TOKEN_LEQ expression
   30           | expression . TOKEN_CONS expression
   32           | TOKEN_IF expression TOKEN_THEN expression . TOKEN_ELSE expression

    TOKEN_CONS    shift, and go to state 31
    TOKEN_PLUS    shift, and go to state 32
    TOKEN_MINUS   shift, and go to state 33
    TOKEN_TIMES   shift, and go to state 34
    TOKEN_DIVIDE  shift, and go to state 35
    TOKEN_AND     shift, and go to state 36
    TOKEN_OR      shift, and go to state 37
    TOKEN_EQ      shift, and go to state 38
    TOKEN_NEQ     shift, and go to state 39
    TOKEN_GT      shift, and go to state 40
    TOKEN_GEQ     shift, and go to state 41
    TOKEN_LT      shift, and go to state 42
    TOKEN_LEQ     shift, and go to state 43
    TOKEN_ELSE    shift, and go to state 76


state 69

    8 expression: TOKEN_LAMBDA TOKEN_IDENTIFIER TOKEN_DOT expression .
   11           | expression . TOKEN_PLUS expression
   12           | expression . TOKEN_AND expression
   13           | expression . TOKEN_OR expression
   14           | expression . TOKEN_MINUS expression
   15           | expression . TOKEN_TIMES expression
   16           | expression . TOKEN_DIVIDE expression
   17           | expression . TOKEN_EQ expression
   18           | expression . TOKEN_NEQ expression
   19           | expression . TOKEN_GT expression
   20           | expression . TOKEN_GEQ expression
   21           | expression . TOKEN_LT expression
   22           | expression . TOKEN_LEQ expression
   30           | expression . TOKEN_CONS expression

    TOKEN_CONS    shift, and go to state 31
    TOKEN_PLUS    shift, and go to state 32
    TOKEN_MINUS   shift, and go to state 33
    TOKEN_TIMES   shift, and go to state 34
    TOKEN_DIVIDE  shift, and go to state 35
    TOKEN_AND     shift, and go to state 36
    TOKEN_OR      shift, and go to state 37
    TOKEN_EQ      shift, and go to state 38
    TOKEN_NEQ     shift, and go to state 39
    TOKEN_GT      shift, and go to state 40
    TOKEN_GEQ     shift, and go to state 41
    TOKEN_LT      shift, and go to state 42
    TOKEN_LEQ     shift, and go to state 43

    $default  reduce using rule 8 (expression)


state 70

   34 id_list: TOKEN_IDENTIFIER . TOKEN_COMMA TOKEN_IDENTIFIER
   34        | TOKEN_IDENTIFIER TOKEN_COMMA TOKEN_IDENTIFIER .
   35        | TOKEN_IDENTIFIER . TOKEN_COMMA id_list

    TOKEN_COMMA  shift, and go to state 51

    $default  reduce using rule 34 (id_list)


state 71

   35 id_list: TOKEN_IDENTIFIER TOKEN_COMMA id_list .

    $default  reduce using rule 35 (id_list)


state 72

    7 expression: TOKEN_LAMBDA id_list TOKEN_DOT expression .
   11           | expression . TOKEN_PLUS expression
   12           | expression . TOKEN_AND expression
   13           | expression . TOKEN_OR expression
   14           | expression . TOKEN_MINUS expression
   15           | expression . TOKEN_TIMES expression
   16           | expression . TOKEN_DIVIDE expression
   17           | expression . TOKEN_EQ expression
   18           | expression . TOKEN_NEQ expression
   19           | expression . TOKEN_GT expression
   20           | expression . TOKEN_GEQ expression
   21           | expression . TOKEN_LT expression
   22           | expression . TOKEN_LEQ expression
   30           | expression . TOKEN_CONS expression

    TOKEN_CONS    shift, and go to state 31
    TOKEN_PLUS    shift, and go to state 32
    TOKEN_MINUS   shift, and go to state 33
    TOKEN_TIMES   shift, and go to state 34
    TOKEN_DIVIDE  shift, and go to state 35
    TOKEN_AND     shift, and go to state 36
    TOKEN_OR      shift, and go to state 37
    TOKEN_EQ      shift, and go to state 38
    TOKEN_NEQ     shift, and go to state 39
    TOKEN_GT      shift, and go to state 40
    TOKEN_GEQ     shift, and go to state 41
    TOKEN_LT      shift, and go to state 42
    TOKEN_LEQ     shift, and go to state 43

    $default  reduce using rule 7 (expression)


state 73

    6 expression: TOKEN_FUN TOKEN_IDENTIFIER TOKEN_WITH TOKEN_IDENTIFIER . TOKEN_EQ expression TOKEN_IN expression
   34 id_list: TOKEN_IDENTIFIER . TOKEN_COMMA TOKEN_IDENTIFIER
   35        | TOKEN_IDENTIFIER . TOKEN_COMMA id_list

    TOKEN_EQ     shift, and go to state 77
    TOKEN_COMMA  shift, and go to state 51


state 74

    5 expression: TOKEN_FUN TOKEN_IDENTIFIER TOKEN_WITH id_list . TOKEN_EQ expression TOKEN_IN expression

    TOKEN_EQ  shift, and go to state 78


state 75

   31 expression: TOKEN_LET TOKEN_IDENTIFIER TOKEN_EQ expression TOKEN_IN . expression

    TOKEN_READSTRING  shift, and go to state 1
    TOKEN_READINT     shift, and go to state 2
    TOKEN_PRINT       shift, and go to state 3
    TOKEN_ISNIL       shift, and go to state 4
    TOKEN_HD          shift, and go to state 5
    TOKEN_TL          shift, and go to state 6
    TOKEN_NIL         shift, and go to state 7
    TOKEN_LET         shift, and go to state 8
    TOKEN_IDENTIFIER  shift, and go to state 9
    TOKEN_INT         shift, and go to state 10
    TOKEN_LPAREN      shift, and go to state 11
    TOKEN_IF          shift, and go to state 12
    TOKEN_LAMBDA      shift, and go to state 13
    TOKEN_FUN         shift, and go to state 14
    TOKEN_STRING      shift, and go to state 15
    TOKEN_ERROR       shift, and go to state 16

    expression  go to state 79


state 76

   32 expression: TOKEN_IF expression TOKEN_THEN expression TOKEN_ELSE . expression

    TOKEN_READSTRING  shift, and go to state 1
    TOKEN_READINT     shift, and go to state 2
    TOKEN_PRINT       shift, and go to state 3
    TOKEN_ISNIL       shift, and go to state 4
    TOKEN_HD          shift, and go to state 5
    TOKEN_TL          shift, and go to state 6
    TOKEN_NIL         shift, and go to state 7
    TOKEN_LET         shift, and go to state 8
    TOKEN_IDENTIFIER  shift, and go to state 9
    TOKEN_INT         shift, and go to state 10
    TOKEN_LPAREN      shift, and go to state 11
    TOKEN_IF          shift, and go to state 12
    TOKEN_LAMBDA      shift, and go to state 13
    TOKEN_FUN         shift, and go to state 14
    TOKEN_STRING      shift, and go to state 15
    TOKEN_ERROR       shift, and go to state 16

    expression  go to state 80


state 77

    6 expression: TOKEN_FUN TOKEN_IDENTIFIER TOKEN_WITH TOKEN_IDENTIFIER TOKEN_EQ . expression TOKEN_IN expression

    TOKEN_READSTRING  shift, and go to state 1
    TOKEN_READINT     shift, and go to state 2
    TOKEN_PRINT       shift, and go to state 3
    TOKEN_ISNIL       shift, and go to state 4
    TOKEN_HD          shift, and go to state 5
    TOKEN_TL          shift, and go to state 6
    TOKEN_NIL         shift, and go to state 7
    TOKEN_LET         shift, and go to state 8
    TOKEN_IDENTIFIER  shift, and go to state 9
    TOKEN_INT         shift, and go to state 10
    TOKEN_LPAREN      shift, and go to state 11
    TOKEN_IF          shift, and go to state 12
    TOKEN_LAMBDA      shift, and go to state 13
    TOKEN_FUN         shift, and go to state 14
    TOKEN_STRING      shift, and go to state 15
    TOKEN_ERROR       shift, and go to state 16

    expression  go to state 81


state 78

    5 expression: TOKEN_FUN TOKEN_IDENTIFIER TOKEN_WITH id_list TOKEN_EQ . expression TOKEN_IN expression

    TOKEN_READSTRING  shift, and go to state 1
    TOKEN_READINT     shift, and go to state 2
    TOKEN_PRINT       shift, and go to state 3
    TOKEN_ISNIL       shift, and go to state 4
    TOKEN_HD          shift, and go to state 5
    TOKEN_TL          shift, and go to state 6
    TOKEN_NIL         shift, and go to state 7
    TOKEN_LET         shift, and go to state 8
    TOKEN_IDENTIFIER  shift, and go to state 9
    TOKEN_INT         shift, and go to state 10
    TOKEN_LPAREN      shift, and go to state 11
    TOKEN_IF          shift, and go to state 12
    TOKEN_LAMBDA      shift, and go to state 13
    TOKEN_FUN         shift, and go to state 14
    TOKEN_STRING      shift, and go to state 15
    TOKEN_ERROR       shift, and go to state 16

    expression  go to state 82


state 79

   11 expression: expression . TOKEN_PLUS expression
   12           | expression . TOKEN_AND expression
   13           | expression . TOKEN_OR expression
   14           | expression . TOKEN_MINUS expression
   15           | expression . TOKEN_TIMES expression
   16           | expression . TOKEN_DIVIDE expression
   17           | expression . TOKEN_EQ expression
   18           | expression . TOKEN_NEQ expression
   19           | expression . TOKEN_GT expression
   20           | expression . TOKEN_GEQ expression
   21           | expression . TOKEN_LT expression
   22           | expression . TOKEN_LEQ expression
   30           | expression . TOKEN_CONS expression
   31           | TOKEN_LET TOKEN_IDENTIFIER TOKEN_EQ expression TOKEN_IN expression .

    $default  reduce using rule 31 (expression)


state 80

   11 expression: expression . TOKEN_PLUS expression
   12           | expression . TOKEN_AND expression
   13           | expression . TOKEN_OR expression
   14           | expression . TOKEN_MINUS expression
   15           | expression . TOKEN_TIMES expression
   16           | expression . TOKEN_DIVIDE expression
   17           | expression . TOKEN_EQ expression
   18           | expression . TOKEN_NEQ expression
   19           | expression . TOKEN_GT expression
   20           | expression . TOKEN_GEQ expression
   21           | expression . TOKEN_LT expression
   22           | expression . TOKEN_LEQ expression
   30           | expression . TOKEN_CONS expression
   32           | TOKEN_IF expression TOKEN_THEN expression TOKEN_ELSE expression .

    TOKEN_CONS    shift, and go to state 31
    TOKEN_PLUS    shift, and go to state 32
    TOKEN_MINUS   shift, and go to state 33
    TOKEN_TIMES   shift, and go to state 34
    TOKEN_DIVIDE  shift, and go to state 35
    TOKEN_AND     shift, and go to state 36
    TOKEN_OR      shift, and go to state 37
    TOKEN_EQ      shift, and go to state 38
    TOKEN_NEQ     shift, and go to state 39
    TOKEN_GT      shift, and go to state 40
    TOKEN_GEQ     shift, and go to state 41
    TOKEN_LT      shift, and go to state 42
    TOKEN_LEQ     shift, and go to state 43

    $default  reduce using rule 32 (expression)


state 81

    6 expression: TOKEN_FUN TOKEN_IDENTIFIER TOKEN_WITH TOKEN_IDENTIFIER TOKEN_EQ expression . TOKEN_IN expression
   11           | expression . TOKEN_PLUS expression
   12           | expression . TOKEN_AND expression
   13           | expression . TOKEN_OR expression
   14           | expression . TOKEN_MINUS expression
   15           | expression . TOKEN_TIMES expression
   16           | expression . TOKEN_DIVIDE expression
   17           | expression . TOKEN_EQ expression
   18           | expression . TOKEN_NEQ expression
   19           | expression . TOKEN_GT expression
   20           | expression . TOKEN_GEQ expression
   21           | expression . TOKEN_LT expression
   22           | expression . TOKEN_LEQ expression
   30           | expression . TOKEN_CONS expression

    TOKEN_CONS    shift, and go to state 31
    TOKEN_PLUS    shift, and go to state 32
    TOKEN_MINUS   shift, and go to state 33
    TOKEN_TIMES   shift, and go to state 34
    TOKEN_DIVIDE  shift, and go to state 35
    TOKEN_AND     shift, and go to state 36
    TOKEN_OR      shift, and go to state 37
    TOKEN_EQ      shift, and go to state 38
    TOKEN_NEQ     shift, and go to state 39
    TOKEN_GT      shift, and go to state 40
    TOKEN_GEQ     shift, and go to state 41
    TOKEN_LT      shift, and go to state 42
    TOKEN_LEQ     shift, and go to state 43
    TOKEN_IN      shift, and go to state 83


state 82

    5 expression: TOKEN_FUN TOKEN_IDENTIFIER TOKEN_WITH id_list TOKEN_EQ expression . TOKEN_IN expression
   11           | expression . TOKEN_PLUS expression
   12           | expression . TOKEN_AND expression
   13           | expression . TOKEN_OR expression
   14           | expression . TOKEN_MINUS expression
   15           | expression . TOKEN_TIMES expression
   16           | expression . TOKEN_DIVIDE expression
   17           | expression . TOKEN_EQ expression
   18           | expression . TOKEN_NEQ expression
   19           | expression . TOKEN_GT expression
   20           | expression . TOKEN_GEQ expression
   21           | expression . TOKEN_LT expression
   22           | expression . TOKEN_LEQ expression
   30           | expression . TOKEN_CONS expression

    TOKEN_CONS    shift, and go to state 31
    TOKEN_PLUS    shift, and go to state 32
    TOKEN_MINUS   shift, and go to state 33
    TOKEN_TIMES   shift, and go to state 34
    TOKEN_DIVIDE  shift, and go to state 35
    TOKEN_AND     shift, and go to state 36
    TOKEN_OR      shift, and go to state 37
    TOKEN_EQ      shift, and go to state 38
    TOKEN_NEQ     shift, and go to state 39
    TOKEN_GT      shift, and go to state 40
    TOKEN_GEQ     shift, and go to state 41
    TOKEN_LT      shift, and go to state 42
    TOKEN_LEQ     shift, and go to state 43
    TOKEN_IN      shift, and go to state 84


state 83

    6 expression: TOKEN_FUN TOKEN_IDENTIFIER TOKEN_WITH TOKEN_IDENTIFIER TOKEN_EQ expression TOKEN_IN . expression

    TOKEN_READSTRING  shift, and go to state 1
    TOKEN_READINT     shift, and go to state 2
    TOKEN_PRINT       shift, and go to state 3
    TOKEN_ISNIL       shift, and go to state 4
    TOKEN_HD          shift, and go to state 5
    TOKEN_TL          shift, and go to state 6
    TOKEN_NIL         shift, and go to state 7
    TOKEN_LET         shift, and go to state 8
    TOKEN_IDENTIFIER  shift, and go to state 9
    TOKEN_INT         shift, and go to state 10
    TOKEN_LPAREN      shift, and go to state 11
    TOKEN_IF          shift, and go to state 12
    TOKEN_LAMBDA      shift, and go to state 13
    TOKEN_FUN         shift, and go to state 14
    TOKEN_STRING      shift, and go to state 15
    TOKEN_ERROR       shift, and go to state 16

    expression  go to state 85


state 84

    5 expression: TOKEN_FUN TOKEN_IDENTIFIER TOKEN_WITH id_list TOKEN_EQ expression TOKEN_IN . expression

    TOKEN_READSTRING  shift, and go to state 1
    TOKEN_READINT     shift, and go to state 2
    TOKEN_PRINT       shift, and go to state 3
    TOKEN_ISNIL       shift, and go to state 4
    TOKEN_HD          shift, and go to state 5
    TOKEN_TL          shift, and go to state 6
    TOKEN_NIL         shift, and go to state 7
    TOKEN_LET         shift, and go to state 8
    TOKEN_IDENTIFIER  shift, and go to state 9
    TOKEN_INT         shift, and go to state 10
    TOKEN_LPAREN      shift, and go to state 11
    TOKEN_IF          shift, and go to state 12
    TOKEN_LAMBDA      shift, and go to state 13
    TOKEN_FUN         shift, and go to state 14
    TOKEN_STRING      shift, and go to state 15
    TOKEN_ERROR       shift, and go to state 16

    expression  go to state 86


state 85

    6 expression: TOKEN_FUN TOKEN_IDENTIFIER TOKEN_WITH TOKEN_IDENTIFIER TOKEN_EQ expression TOKEN_IN expression .
   11           | expression . TOKEN_PLUS expression
   12           | expression . TOKEN_AND expression
   13           | expression . TOKEN_OR expression
   14           | expression . TOKEN_MINUS expression
   15           | expression . TOKEN_TIMES expression
   16           | expression . TOKEN_DIVIDE expression
   17           | expression . TOKEN_EQ expression
   18           | expression . TOKEN_NEQ expression
   19           | expression . TOKEN_GT expression
   20           | expression . TOKEN_GEQ expression
   21           | expression . TOKEN_LT expression
   22           | expression . TOKEN_LEQ expression
   30           | expression . TOKEN_CONS expression

    TOKEN_CONS    shift, and go to state 31
    TOKEN_PLUS    shift, and go to state 32
    TOKEN_MINUS   shift, and go to state 33
    TOKEN_TIMES   shift, and go to state 34
    TOKEN_DIVIDE  shift, and go to state 35
    TOKEN_AND     shift, and go to state 36
    TOKEN_OR      shift, and go to state 37
    TOKEN_EQ      shift, and go to state 38
    TOKEN_NEQ     shift, and go to state 39
    TOKEN_GT      shift, and go to state 40
    TOKEN_GEQ     shift, and go to state 41
    TOKEN_LT      shift, and go to state 42
    TOKEN_LEQ     shift, and go to state 43

    $default  reduce using rule 6 (expression)


state 86

    5 expression: TOKEN_FUN TOKEN_IDENTIFIER TOKEN_WITH id_list TOKEN_EQ expression TOKEN_IN expression .
   11           | expression . TOKEN_PLUS expression
   12           | expression . TOKEN_AND expression
   13           | expression . TOKEN_OR expression
   14           | expression . TOKEN_MINUS expression
   15           | expression . TOKEN_TIMES expression
   16           | expression . TOKEN_DIVIDE expression
   17           | expression . TOKEN_EQ expression
   18           | expression . TOKEN_NEQ expression
   19           | expression . TOKEN_GT expression
   20           | expression . TOKEN_GEQ expression
   21           | expression . TOKEN_LT expression
   22           | expression . TOKEN_LEQ expression
   30           | expression . TOKEN_CONS expression

    TOKEN_CONS    shift, and go to state 31
    TOKEN_PLUS    shift, and go to state 32
    TOKEN_MINUS   shift, and go to state 33
    TOKEN_TIMES   shift, and go to state 34
    TOKEN_DIVIDE  shift, and go to state 35
    TOKEN_AND     shift, and go to state 36
    TOKEN_OR      shift, and go to state 37
    TOKEN_EQ      shift, and go to state 38
    TOKEN_NEQ     shift, and go to state 39
    TOKEN_GT      shift, and go to state 40
    TOKEN_GEQ     shift, and go to state 41
    TOKEN_LT      shift, and go to state 42
    TOKEN_LEQ     shift, and go to state 43

    $default  reduce using rule 5 (expression)
